<?xml version="1.0" encoding="UTF-8"?>
<!-- Generated by org.testng.reporters.JUnitReportReporter -->
<testsuite skipped="0" hostname="DESKTOP-03PBHF1" name="script.ValidLogin" tests="1" failures="0" timestamp="23 Feb 2018 07:15:37 GMT" time="14.682" errors="0">
  <testcase name="testValidLogin" time="14.682" classname="script.ValidLogin"/>
</testsuite> <!-- script.ValidLogin -->
